

xc16-ld 1.36 (B)

"program" Memory  [Origin = 0x200, Length = 0x2a9f8]

section                    address   length (PC units)   length (bytes) (dec)
-------                    -------   -----------------   --------------------
.text                        0x200               0x548           0x7ec  (2028)
.text                        0x748               0xa36           0xf51  (3921)
.dinit                      0x117e               0x9c2           0xea3  (3747)
_036cc8405cb6bf74           0x1b40               0x578           0x834  (2100)
_036cca205cb6bf74           0x20b8               0x578           0x834  (2100)
_036ccba05cb6bf74           0x2630               0x578           0x834  (2100)
_036ccd205cb6bf74           0x2ba8               0x578           0x834  (2100)
_036ccea05cb6bf74           0x3120               0x578           0x834  (2100)
.text                       0x3698               0x2fc           0x47a  (1146)
.init.delay32               0x3994                0x1c            0x2a  (42)

                 Total "program" memory used (bytes):         0x5388  (21384) 8%


"data" Memory  [Origin = 0x800, Length = 0x18000]

section                    address      alignment gaps    total length  (dec)
-------                    -------      --------------    -------------------
.nbss                        0x800                   0            0x14  (20)
.ndata                       0x814                   0             0xa  (10)
.nbss                        0x81e                   0             0x8  (8)
.ndata                       0x826                   0             0x2  (2)
.data                        0x828                   0           0x240  (576)
.bss                         0xa68                   0            0x34  (52)
FONTS                       0x4ff8                   0           0xc08  (3080)
DISPLAY                     0x5c00                   0         0x12c00  (76800)

                 Total "data" memory used (bytes):        0x13aa4  (80548) 81%


Dynamic Memory Usage

region                     address                      maximum length  (dec)
------                     -------                      ---------------------
heap                             0                                   0  (0)
stack                        0xa9c                              0x455c  (17756)

                 Maximum dynamic memory (bytes):         0x455c  (17756)

