

xc16-ld 1.50 (A)

Default Code Model: Small
Default Data Model: Large
Default Scalar Model: Small

"program" Memory  [Origin = 0x200, Length = 0x2a9f8]

section                    address   length (PC units)   length (bytes) (dec)
-------                    -------   -----------------   --------------------
.text                        0x200               0x61a           0x927  (2343)
_ac3d0e605e4ce7ba            0x81a              0x3100          0x4980  (18816)
.text                       0x391a               0x8bc           0xd1a  (3354)
_65286aa05e4ce7b9           0x41d6               0x578           0x834  (2100)
_65286b405e4ce7b9           0x474e               0x578           0x834  (2100)
_65286be05e4ce7b9           0x4cc6               0x578           0x834  (2100)
_65286c805e4ce7b9           0x523e               0x578           0x834  (2100)
_65286d205e4ce7b9           0x57b6               0x578           0x834  (2100)
_1aee60005e4ce7ba           0x5d2e               0x2d0           0x438  (1080)
.dinit                      0x5ffe               0x1e0           0x2d0  (720)
.text                       0x61de               0x24c           0x372  (882)
.init.delay32               0x642a                0x1c            0x2a  (42)
.text                       0x6446                0x2e            0x45  (69)

                 Total "program" memory used (bytes):         0x93ae  (37806) 14%


"data" Memory  [Origin = 0x800, Length = 0x18000]

section                    address      alignment gaps    total length  (dec)
-------                    -------      --------------    -------------------
.nbss                        0x800                   0            0x20  (32)
.ndata                       0x820                   0             0x4  (4)
.nbss                        0x824                   0             0x4  (4)
.ndata                       0x828                   0             0x2  (2)
.data                        0x82a                   0           0x240  (576)
.bss                         0xa6a                   0            0xa4  (164)
.data                        0xb0e                   0            0x18  (24)
DISPLAY                     0x5c00                   0         0x12c00  (76800)

                 Total "data" memory used (bytes):        0x12f26  (77606) 78%


Dynamic Memory Usage

region                     address                      maximum length  (dec)
------                     -------                      ---------------------
heap                             0                                   0  (0)
stack                        0xb26                              0x50da  (20698)

                 Maximum dynamic memory (bytes):         0x50da  (20698)

