

xc16-ld 1.36 (B)

"program" Memory  [Origin = 0x200, Length = 0x2a9f8]

section                    address   length (PC units)   length (bytes) (dec)
-------                    -------   -----------------   --------------------
.text                        0x200               0x548           0x7ec  (2028)
.const                       0x748                0x36            0x51  (81)
.text                        0x77e               0xa36           0xf51  (3921)
.dinit                      0x11b4               0x9c2           0xea3  (3747)
_035e78405cc2bb31           0x1b76               0x578           0x834  (2100)
_035e7a205cc2bb31           0x20ee               0x578           0x834  (2100)
_035e7ba05cc2bb31           0x2666               0x578           0x834  (2100)
_035e7d205cc2bb31           0x2bde               0x578           0x834  (2100)
_035e7ea05cc2bb31           0x3156               0x578           0x834  (2100)
.text                       0x36ce               0x3f4           0x5ee  (1518)
.init.delay32               0x3ac2                0x1c            0x2a  (42)

                 Total "program" memory used (bytes):         0x554d  (21837) 8%


"data" Memory  [Origin = 0x800, Length = 0x18000]

section                    address      alignment gaps    total length  (dec)
-------                    -------      --------------    -------------------
.nbss                        0x800                   0            0x14  (20)
.ndata                       0x814                   0             0xa  (10)
.nbss                        0x81e                   0             0x8  (8)
.ndata                       0x826                   0             0x2  (2)
.data                        0x828                   0           0x240  (576)
.bss                         0xa68                   0            0x34  (52)
FONTS                       0x4ff8                   0           0xc08  (3080)
DISPLAY                     0x5c00                   0         0x12c00  (76800)

                 Total "data" memory used (bytes):        0x13aa4  (80548) 81%


Dynamic Memory Usage

region                     address                      maximum length  (dec)
------                     -------                      ---------------------
heap                             0                                   0  (0)
stack                        0xa9c                              0x455c  (17756)

                 Maximum dynamic memory (bytes):         0x455c  (17756)

