

xc16-ld 1.50 (A)

Default Code Model: Small
Default Data Model: Large
Default Scalar Model: Small

"program" Memory  [Origin = 0x200, Length = 0x2a9f8]

section                    address   length (PC units)   length (bytes) (dec)
-------                    -------   -----------------   --------------------
.text                        0x200               0x548           0x7ec  (2028)
.const                       0x748                0x20            0x30  (48)
.text                        0x768               0xa5a           0xf87  (3975)
.dinit                      0x11c2               0x9c2           0xea3  (3747)
_0c7f5aa05e51f616           0x1b84               0x578           0x834  (2100)
_0c7f5b405e51f616           0x20fc               0x578           0x834  (2100)
_0c7f5be05e51f616           0x2674               0x578           0x834  (2100)
_0c7f5c805e51f616           0x2bec               0x578           0x834  (2100)
_0c7f5d205e51f616           0x3164               0x578           0x834  (2100)
.text                       0x36dc               0x4c6           0x729  (1833)
.init.delay32               0x3ba2                0x1c            0x2a  (42)

                 Total "program" memory used (bytes):         0x569d  (22173) 8%


"data" Memory  [Origin = 0x800, Length = 0x18000]

section                    address      alignment gaps    total length  (dec)
-------                    -------      --------------    -------------------
.nbss                        0x800                   0            0x14  (20)
.ndata                       0x814                   0             0xa  (10)
.nbss                        0x81e                   0             0x8  (8)
.ndata                       0x826                   0             0x2  (2)
.data                        0x828                   0           0x240  (576)
.bss                         0xa68                   0            0x34  (52)
FONTS                       0x4ff8                   0           0xc08  (3080)
DISPLAY                     0x5c00                   0         0x12c00  (76800)

                 Total "data" memory used (bytes):        0x13aa4  (80548) 81%


Dynamic Memory Usage

region                     address                      maximum length  (dec)
------                     -------                      ---------------------
heap                             0                                   0  (0)
stack                        0xa9c                              0x455c  (17756)

                 Maximum dynamic memory (bytes):         0x455c  (17756)

